#
# A fatal error has been detected by the Java Runtime Environment:
#
#  SIGSEGV (0xb) at pc=0x00007f4391ca8597, pid=21173, tid=139927942547200
#
# JRE version: 6.0_23-b23
# Java VM: OpenJDK 64-Bit Server VM (20.0-b11 mixed mode linux-amd64 compressed oops)
# Derivative: IcedTea6 1.11pre
# Distribution: Ubuntu oneiric (development branch), package 6b23~pre10-0ubuntu5
# Problematic frame:
# C  [libsqlitejdbc-2054866904121099517.lib+0x29597]  sqlite3_bind_double+0xbc
#
# If you would like to submit a bug report, please include
# instructions how to reproduce the bug and visit:
#   https://bugs.launchpad.net/ubuntu/+source/openjdk-6/
# The crash happened outside the Java Virtual Machine in native code.
# See problematic frame for where to report the bug.
#

---------------  T H R E A D  ---------------

Current thread (0x0000000001949000):  JavaThread "564004885@qtp-1174308897-3 - /ajax_request/F1232800838480GRRMIU/" [_thread_in_native, id=21243, stack(0x00007f43833f4000,0x00007f43834f5000)]

siginfo:si_signo=SIGSEGV: si_errno=0, si_code=1 (SEGV_MAPERR), si_addr=0x0000000000000000

Registers:
RAX=0x00007f4391c87c74, RBX=0x0000000000000000, RCX=0x0000000000000000, RDX=0x0000000000000000
RSP=0x00007f43834eea40, RBP=0x0000000000000000, RSI=0x0000000000000000, RDI=0x0000000000000000
R8 =0x0000000000000000, R9 =0x00007f438c281060, R10=0x00007f4394a6870e, R11=0x00007f43999431b0
R12=0x0000000000000000, R13=0x0000000086404978, R14=0x00007f43834eeb30, R15=0x0000000001949000
RIP=0x00007f4391ca8597, EFLAGS=0x0000000000010246, CSGSFS=0x0000000000000033, ERR=0x0000000000000004
  TRAPNO=0x000000000000000e

Top of Stack: (sp=0x00007f43834eea40)
0x00007f43834eea40:   0000000000000001 0000000086404978
0x00007f43834eea50:   00007f43834eeaf8 00007f4391ca9763
0x00007f43834eea60:   00007f43834eeac0 0000000086404978
0x00007f43834eea70:   0000000000000000 00007f4394a6873b
0x00007f43834eea80:   0000000000000000 00007f43834eeaa0
0x00007f43834eea90:   00007f43834eeb20 00007f4394a5c96e
0x00007f43834eeaa0:   0000000000000001 0000000000000001
0x00007f43834eeab0:   00000000e632a8e0 00007f43834eeaa8
0x00007f43834eeac0:   0000000000000000 00007f43834eeb30
0x00007f43834eead0:   000000008640e3a8 0000000000000000
0x00007f43834eeae0:   0000000086404978 0000000000000000
0x00007f43834eeaf0:   00007f43834eeb18 00007f43834eeb78
0x00007f43834eeb00:   00007f4394a5c96e 0000000000000000
0x00007f43834eeb10:   00007f4394a64f56 0000000000000000
0x00007f43834eeb20:   0000000000000000 00007f4394a5c96e
0x00007f43834eeb30:   00000000e632a8e0 00007f43834eeb38
0x00007f43834eeb40:   0000000086445820 00007f43834eeba0
0x00007f43834eeb50:   0000000086448268 0000000000000000
0x00007f43834eeb60:   00000000864458a0 00007f43834eeb18
0x00007f43834eeb70:   00007f43834eeb98 00007f43834eebe8
0x00007f43834eeb80:   00007f4394a5ce8d 0000000000000000
0x00007f43834eeb90:   0000000000000000 0000000000000001
0x00007f43834eeba0:   00000000e632baf0 00007f43834eeba8
0x00007f43834eebb0:   000000008646a9ed 00007f43834eec00
0x00007f43834eebc0:   000000008646b4a0 0000000000000000
0x00007f43834eebd0:   000000008646a9f8 00007f43834eeb98
0x00007f43834eebe0:   00007f43834eebf8 00007f43834eec48
0x00007f43834eebf0:   00007f4394a5c9b3 0000000000000001
0x00007f43834eec00:   00000000e632c130 00007f43834eec08
0x00007f43834eec10:   000000008646aabd 00007f43834eec60
0x00007f43834eec20:   000000008646b4a0 0000000000000000
0x00007f43834eec30:   000000008646aae0 00007f43834eebf8 

Instructions: (pc=0x00007f4391ca8597)
0x00007f4391ca8577:   8b 78 60 e8 91 e3 fd ff 48 89 df e8 79 e1 fd ff
0x00007f4391ca8587:   48 63 c5 48 6b c0 38 48 03 83 e8 00 00 00 eb 30
0x00007f4391ca8597:   48 8b 13 48 8d 05 9f bf 13 00 48 85 d2 74 21 48
0x00007f4391ca85a7:   8b 7a 60 e8 61 e3 fd ff 48 8b 3b 31 c0 31 d2 be 

Register to memory mapping:

RAX=0x00007f4391c87c74: Java_org_sqlite_NativeDB_column_1type+0 in /tmp/libsqlitejdbc-2054866904121099517.lib at 0x00007f4391c7f000
RBX=0x0000000000000000 is an unknown value
RCX=0x0000000000000000 is an unknown value
RDX=0x0000000000000000 is an unknown value
RSP=0x00007f43834eea40 is pointing into the stack for thread: 0x0000000001949000
RBP=0x0000000000000000 is an unknown value
RSI=0x0000000000000000 is an unknown value
RDI=0x0000000000000000 is an unknown value
R8 =0x0000000000000000 is an unknown value
R9 =0x00007f438c281060 is an unknown value
R10=0x00007f4394a6870e is an Interpreter codelet
method entry point (kind = native_synchronized)  [0x00007f4394a68340, 0x00007f4394a68d00]  2496 bytes
R11=0x00007f43999431b0: <offset 0x6c01b0> in /usr/lib/jvm/java-6-openjdk/jre/lib/amd64/server/libjvm.so at 0x00007f4399283000
R12=0x0000000000000000 is an unknown value
R13=0x0000000086404978 is an oop
{method} 
 - klass: {other class}
R14=0x00007f43834eeb30 is pointing into the stack for thread: 0x0000000001949000
R15=0x0000000001949000 is a thread


Stack: [0x00007f43833f4000,0x00007f43834f5000],  sp=0x00007f43834eea40,  free space=1002k
Native frames: (J=compiled Java code, j=interpreted, Vv=VM code, C=native code)
C  [libsqlitejdbc-2054866904121099517.lib+0x29597]  sqlite3_bind_double+0xbc

[error occurred during error reporting (printing native stack), id 0xb]

Java frames: (J=compiled Java code, j=interpreted, Vv=VM code)
j  org.sqlite.NativeDB.column_type(JI)I+0
j  org.sqlite.RS.getObject(I)Ljava/lang/Object;+16
j  model.spser.package$SQLTable$$anonfun$1.apply(I)Ljava/lang/Object;+5
j  model.spser.package$SQLTable$$anonfun$1.apply(Ljava/lang/Object;)Ljava/lang/Object;+5
J  scala.collection.TraversableLike$$anonfun$map$1.apply(Ljava/lang/Object;)Ljava/lang/Object;
j  scala.collection.immutable.Range.foreach(Lscala/Function1;)V+28
j  scala.collection.TraversableLike$class.map(Lscala/collection/TraversableLike;Lscala/Function1;Lscala/collection/generic/CanBuildFrom;)Ljava/lang/Object;+37
j  scala.collection.immutable.Range.map(Lscala/Function1;Lscala/collection/generic/CanBuildFrom;)Ljava/lang/Object;+3
j  model.spser.package$SQLTable$class.getRow(Lmodel/spser/package$SQLTable;Ljava/sql/ResultSet;)Ljava/lang/Object;+38
j  model.spser.package$RealSQLTable.getRow(Ljava/sql/ResultSet;)Ljava/lang/Object;+2
j  model.spser.package$Schema$Table$Query.headOption()Lscala/Option;+26
j  model.spser.package$Schema$Table.lookup(Ljava/lang/String;)Lscala/Option;+61
j  model.UserSchema$Portfolio$.byID(Ljava/lang/String;)Lmodel/UserSchema$Portfolio;+13
j  code.control.PortfolioSwitcher$.currentPortfolio()Lmodel/UserSchema$Portfolio;+37
j  code.snippet.StockOrderer.code$snippet$StockOrderer$$buyStock(Lstockdata/Quote;Lmodel/Dollars;)Lnet/liftweb/http/js/JsCmd;+56
j  code.snippet.StockOrderer$$anonfun$submitBuy$1$2.apply(Lmodel/Dollars;)Lnet/liftweb/http/js/JsCmd;+11
j  code.snippet.StockOrderer$$anonfun$submitBuy$1$2.apply(Ljava/lang/Object;)Ljava/lang/Object;+5
j  scala.Option.map(Lscala/Function1;)Lscala/Option;+22
j  intform.Submit$$anonfun$2.apply()Lnet/liftweb/http/js/JsCmd;+129
j  intform.Submit$$anonfun$2.apply()Ljava/lang/Object;+1
j  intform.BasicErrors$class.runWithErrors(Lintform/BasicErrors;Lscala/Function0;)Lnet/liftweb/http/js/JsCmd;+3
j  intform.Submit.runWithErrors(Lscala/Function0;)Lnet/liftweb/http/js/JsCmd;+2
j  intform.Submit.submitAjax()Lnet/liftweb/http/js/JsCmd;+28
j  intform.SubmitRender$$anonfun$main$3.apply()Lnet/liftweb/http/js/JsCmd;+4
j  intform.SubmitRender$$anonfun$main$3.apply()Ljava/lang/Object;+1
j  net.liftweb.http.S$NFuncHolder$$anonfun$apply$5.apply(Ljava/lang/String;)Ljava/lang/Object;+7
j  net.liftweb.http.S$NFuncHolder$$anonfun$apply$5.apply(Ljava/lang/Object;)Ljava/lang/Object;+5
J  scala.collection.TraversableLike$$anonfun$map$1.apply(Ljava/lang/Object;)Ljava/lang/Object;
J  scala.collection.immutable.List.foreach(Lscala/Function1;)V
j  scala.collection.TraversableLike$class.map(Lscala/collection/TraversableLike;Lscala/Function1;Lscala/collection/generic/CanBuildFrom;)Ljava/lang/Object;+37
j  scala.collection.immutable.List.map(Lscala/Function1;Lscala/collection/generic/CanBuildFrom;)Ljava/lang/Object;+3
j  net.liftweb.http.S$NFuncHolder.apply(Lscala/collection/immutable/List;)Ljava/lang/Object;+23
j  net.liftweb.http.S$ProxyFuncHolder.apply(Lscala/collection/immutable/List;)Ljava/lang/Object;+5
j  net.liftweb.http.LiftSession$$anon$3.net$liftweb$http$LiftSession$$anon$$super$apply(Lscala/collection/immutable/List;)Ljava/lang/Object;+2
j  net.liftweb.http.LiftSession$$anon$3$$anonfun$apply$67$$anonfun$apply$68$$anonfun$apply$69.apply()Ljava/lang/Object;+20
j  net.liftweb.util.AnyVarTrait$class.doWith(Lnet/liftweb/util/AnyVarTrait;Ljava/lang/Object;Lscala/Function0;)Ljava/lang/Object;+27
j  net.liftweb.util.AnyVar.doWith(Ljava/lang/Object;Lscala/Function0;)Ljava/lang/Object;+3
j  net.liftweb.http.LiftSession$$anon$3$$anonfun$apply$67$$anonfun$apply$68.apply()Ljava/lang/Object;+57
j  net.liftweb.util.AnyVarTrait$class.doWith(Lnet/liftweb/util/AnyVarTrait;Ljava/lang/Object;Lscala/Function0;)Ljava/lang/Object;+27
j  net.liftweb.util.AnyVar.doWith(Ljava/lang/Object;Lscala/Function0;)Ljava/lang/Object;+3
j  net.liftweb.http.LiftSession$$anon$3$$anonfun$apply$67.apply()Ljava/lang/Object;+23
j  net.liftweb.http.CoreRequestVarHandler$$anonfun$generateSnapshotRestorer$1$$anonfun$apply$8$$anonfun$apply$9$$anonfun$apply$10$$anonfun$apply$11.apply()Ljava/lang/Object;+13
j  net.liftweb.util.ThreadGlobal.doWith(Ljava/lang/Object;Lscala/Function0;)Ljava/lang/Object;+14
j  net.liftweb.http.CoreRequestVarHandler$$anonfun$generateSnapshotRestorer$1$$anonfun$apply$8$$anonfun$apply$9$$anonfun$apply$10.apply()Ljava/lang/Object;+39
j  net.liftweb.util.ThreadGlobal.doWith(Ljava/lang/Object;Lscala/Function0;)Ljava/lang/Object;+14
j  net.liftweb.http.CoreRequestVarHandler$$anonfun$generateSnapshotRestorer$1$$anonfun$apply$8$$anonfun$apply$9.apply()Ljava/lang/Object;+30
j  net.liftweb.util.ThreadGlobal.doWith(Ljava/lang/Object;Lscala/Function0;)Ljava/lang/Object;+14
j  net.liftweb.http.CoreRequestVarHandler$$anonfun$generateSnapshotRestorer$1$$anonfun$apply$8.apply()Ljava/lang/Object;+27
j  net.liftweb.util.ThreadGlobal.doWith(Ljava/lang/Object;Lscala/Function0;)Ljava/lang/Object;+14
j  net.liftweb.http.CoreRequestVarHandler$$anonfun$generateSnapshotRestorer$1.apply(Lscala/Function0;)Ljava/lang/Object;+20
j  net.liftweb.http.CoreRequestVarHandler$$anonfun$generateSnapshotRestorer$1.apply(Ljava/lang/Object;)Ljava/lang/Object;+5
j  net.liftweb.http.LiftSession$$anon$3.apply(Lscala/collection/immutable/List;)Ljava/lang/Object;+13
j  net.liftweb.http.S$ProxyFuncHolder.apply(Lscala/collection/immutable/List;)Ljava/lang/Object;+5
j  net.liftweb.http.LiftSession$$anonfun$buildFunc$1$2.apply()Ljava/lang/Object;+34
j  net.liftweb.http.LiftSession$$anonfun$16$$anonfun$apply$39.apply(Lnet/liftweb/http/LiftSession$RunnerHolder;)Ljava/lang/Object;+18
j  net.liftweb.http.LiftSession$$anonfun$16$$anonfun$apply$39.apply(Ljava/lang/Object;)Ljava/lang/Object;+5
J  scala.collection.TraversableLike$$anonfun$map$1.apply(Ljava/lang/Object;)Ljava/lang/Object;
J  scala.collection.immutable.List.foreach(Lscala/Function1;)V
j  scala.collection.TraversableLike$class.map(Lscala/collection/TraversableLike;Lscala/Function1;Lscala/collection/generic/CanBuildFrom;)Ljava/lang/Object;+37
j  scala.collection.immutable.List.map(Lscala/Function1;Lscala/collection/generic/CanBuildFrom;)Ljava/lang/Object;+3
j  net.liftweb.http.LiftSession$$anonfun$16.apply(Lnet/liftweb/common/Box;)Lscala/collection/immutable/List;+116
j  net.liftweb.http.LiftSession$$anonfun$16.apply(Ljava/lang/Object;)Ljava/lang/Object;+5
j  scala.collection.TraversableLike$$anonfun$flatMap$1.apply(Ljava/lang/Object;)Lscala/collection/mutable/Builder;+9
j  scala.collection.TraversableLike$$anonfun$flatMap$1.apply(Ljava/lang/Object;)Ljava/lang/Object;+2
J  scala.collection.immutable.List.foreach(Lscala/Function1;)V
j  scala.collection.TraversableLike$class.flatMap(Lscala/collection/TraversableLike;Lscala/Function1;Lscala/collection/generic/CanBuildFrom;)Ljava/lang/Object;+24
j  scala.collection.immutable.List.flatMap(Lscala/Function1;Lscala/collection/generic/CanBuildFrom;)Ljava/lang/Object;+3
j  net.liftweb.http.LiftSession.runParams(Lnet/liftweb/http/Req;)Lscala/collection/immutable/List;+129
j  net.liftweb.http.LiftServlet.liftedTree2$1(Lnet/liftweb/http/LiftSession;Lnet/liftweb/http/Req;)Lscala/collection/immutable/List;+2
j  net.liftweb.http.LiftServlet.handleAjax(Lnet/liftweb/http/LiftSession;Lnet/liftweb/http/Req;)Lnet/liftweb/common/Box;+117
j  net.liftweb.http.LiftServlet.net$liftweb$http$LiftServlet$$dispatchStatefulRequest(Lnet/liftweb/http/Req;Lnet/liftweb/http/LiftSession;Lnet/liftweb/http/Req;Lnet/liftweb/common/Box;)Lscala/Function0;+751
j  net.liftweb.http.LiftServlet$$anonfun$doSession$1$1.apply()Lscala/Function0;+30
j  net.liftweb.http.LiftServlet$$anonfun$doSession$1$1.apply()Ljava/lang/Object;+1
j  net.liftweb.http.S$class.net$liftweb$http$S$$wrapQuery(Lnet/liftweb/http/S;Lscala/Function0;)Ljava/lang/Object;+10
j  net.liftweb.http.S$$anonfun$net$liftweb$http$S$$_nest2InnerInit$1$$anonfun$apply$34.apply()Ljava/lang/Object;+140
j  net.liftweb.http.S$class.net$liftweb$http$S$$doAround(Lnet/liftweb/http/S;Lscala/collection/immutable/List;Lscala/Function0;)Ljava/lang/Object;+30
j  net.liftweb.http.S$$anonfun$net$liftweb$http$S$$_nest2InnerInit$1.apply()Ljava/lang/Object;+21
j  net.liftweb.util.ThreadGlobal.doWith(Ljava/lang/Object;Lscala/Function0;)Ljava/lang/Object;+14
j  net.liftweb.http.S$class.net$liftweb$http$S$$_nest2InnerInit(Lnet/liftweb/http/S;Lscala/Function0;)Ljava/lang/Object;+27
j  net.liftweb.http.S$$anonfun$net$liftweb$http$S$$_innerInit$1$$anonfun$apply$38$$anonfun$apply$39$$anonfun$apply$40$$anonfun$apply$41.apply()Ljava/lang/Object;+32
j  net.liftweb.util.ThreadGlobal.doWith(Ljava/lang/Object;Lscala/Function0;)Ljava/lang/Object;+14
j  net.liftweb.http.S$$anonfun$withReq$1.apply()Ljava/lang/Object;+17
j  net.liftweb.util.ThreadGlobal.doWith(Ljava/lang/Object;Lscala/Function0;)Ljava/lang/Object;+14
j  net.liftweb.http.S$class.withReq(Lnet/liftweb/http/S;Lnet/liftweb/http/Req;Lscala/Function0;)Ljava/lang/Object;+14
j  net.liftweb.http.S$.withReq(Lnet/liftweb/http/Req;Lscala/Function0;)Ljava/lang/Object;+3
j  net.liftweb.http.S$$anonfun$net$liftweb$http$S$$_innerInit$1$$anonfun$apply$38$$anonfun$apply$39$$anonfun$apply$40.apply()Ljava/lang/Object;+50
j  net.liftweb.util.ThreadGlobal.doWith(Ljava/lang/Object;Lscala/Function0;)Ljava/lang/Object;+14
j  net.liftweb.http.S$$anonfun$net$liftweb$http$S$$_innerInit$1$$anonfun$apply$38$$anonfun$apply$39.apply()Ljava/lang/Object;+27
j  net.liftweb.util.ThreadGlobal.doWith(Ljava/lang/Object;Lscala/Function0;)Ljava/lang/Object;+14
j  net.liftweb.http.S$$anonfun$net$liftweb$http$S$$_innerInit$1$$anonfun$apply$38.apply()Ljava/lang/Object;+23
j  net.liftweb.util.ThreadGlobal.doWith(Ljava/lang/Object;Lscala/Function0;)Ljava/lang/Object;+14
j  net.liftweb.http.S$$anonfun$net$liftweb$http$S$$_innerInit$1.apply()Ljava/lang/Object;+30
j  net.liftweb.util.ThreadGlobal.doWith(Ljava/lang/Object;Lscala/Function0;)Ljava/lang/Object;+14
j  net.liftweb.http.S$class.net$liftweb$http$S$$_innerInit(Lnet/liftweb/http/S;Lnet/liftweb/http/Req;Lscala/Function0;)Ljava/lang/Object;+20
j  net.liftweb.http.S$$anonfun$net$liftweb$http$S$$_init$1$$anonfun$apply$44$$anonfun$apply$45$$anonfun$apply$46$$anonfun$apply$47$$anonfun$apply$48.apply()Ljava/lang/Object;+85
j  net.liftweb.util.ThreadGlobal.doWith(Ljava/lang/Object;Lscala/Function0;)Ljava/lang/Object;+14
j  net.liftweb.http.S$$anonfun$net$liftweb$http$S$$_init$1$$anonfun$apply$44$$anonfun$apply$45$$anonfun$apply$46$$anonfun$apply$47.apply()Ljava/lang/Object;+79
j  net.liftweb.http.CoreRequestVarHandler$class.apply(Lnet/liftweb/http/CoreRequestVarHandler;Lnet/liftweb/common/Box;Lscala/Function0;)Ljava/lang/Object;+100
j  net.liftweb.http.RequestVarHandler$.apply(Lnet/liftweb/common/Box;Lscala/Function0;)Ljava/lang/Object;+3
j  net.liftweb.http.S$$anonfun$net$liftweb$http$S$$_init$1$$anonfun$apply$44$$anonfun$apply$45$$anonfun$apply$46.apply()Ljava/lang/Object;+31
j  net.liftweb.http.CoreRequestVarHandler$class.apply(Lnet/liftweb/http/CoreRequestVarHandler;Lnet/liftweb/common/Box;Lscala/Function0;)Ljava/lang/Object;+100
j  net.liftweb.http.TransientRequestVarHandler$.apply(Lnet/liftweb/common/Box;Lscala/Function0;)Ljava/lang/Object;+3
j  net.liftweb.http.S$$anonfun$net$liftweb$http$S$$_init$1$$anonfun$apply$44$$anonfun$apply$45.apply()Ljava/lang/Object;+28
j  net.liftweb.util.ThreadGlobal.doWith(Ljava/lang/Object;Lscala/Function0;)Ljava/lang/Object;+14
j  net.liftweb.http.S$$anonfun$net$liftweb$http$S$$_init$1$$anonfun$apply$44.apply()Ljava/lang/Object;+27
j  net.liftweb.util.ThreadGlobal.doWith(Ljava/lang/Object;Lscala/Function0;)Ljava/lang/Object;+14
j  net.liftweb.http.S$$anonfun$net$liftweb$http$S$$_init$1.apply()Ljava/lang/Object;+21
j  net.liftweb.util.ThreadGlobal.doWith(Ljava/lang/Object;Lscala/Function0;)Ljava/lang/Object;+14
j  net.liftweb.http.S$class.net$liftweb$http$S$$_init(Lnet/liftweb/http/S;Lnet/liftweb/http/Req;Lnet/liftweb/http/LiftSession;Lscala/Function0;)Ljava/lang/Object;+18
j  net.liftweb.http.S$class.init(Lnet/liftweb/http/S;Lnet/liftweb/http/Req;Lnet/liftweb/http/LiftSession;Lscala/Function0;)Ljava/lang/Object;+55
j  net.liftweb.http.LiftServlet.doSession$1(Lnet/liftweb/http/Req;Lnet/liftweb/http/LiftSession;Lnet/liftweb/common/Box;Lnet/liftweb/http/LiftSession;)Lscala/Function0;+33
j  net.liftweb.http.LiftServlet.doService(Lnet/liftweb/http/Req;Lnet/liftweb/http/provider/HTTPResponse;)Z+416
j  net.liftweb.http.LiftServlet$$anonfun$doIt$1$1.apply()Lscala/Tuple2;+12
j  net.liftweb.http.LiftServlet$$anonfun$doIt$1$1.apply()Ljava/lang/Object;+1
j  net.liftweb.util.TimeHelpers$class.calcTime(Lnet/liftweb/util/TimeHelpers;Lscala/Function0;)Lscala/Tuple2;+8
j  net.liftweb.util.Helpers$.calcTime(Lscala/Function0;)Lscala/Tuple2;+2
j  net.liftweb.util.TimeHelpers$class.logTime(Lnet/liftweb/util/TimeHelpers;Lscala/Function0;)Ljava/lang/Object;+2
j  net.liftweb.util.Helpers$.logTime(Lscala/Function0;)Ljava/lang/Object;+2
j  net.liftweb.http.LiftServlet.doIt$1(Lnet/liftweb/http/Req;Lnet/liftweb/http/provider/HTTPResponse;)Z+28
j  net.liftweb.http.LiftServlet.service(Lnet/liftweb/http/Req;Lnet/liftweb/http/provider/HTTPResponse;)Z+39
j  net.liftweb.http.provider.HTTPProvider$$anonfun$service$2$$anonfun$apply$mcV$sp$1.apply$mcV$sp()V+48
j  net.liftweb.http.provider.HTTPProvider$$anonfun$service$2$$anonfun$apply$mcV$sp$1.apply()V+1
j  net.liftweb.http.provider.HTTPProvider$$anonfun$service$2$$anonfun$apply$mcV$sp$1.apply()Ljava/lang/Object;+1
j  net.liftweb.util.ThreadGlobal.doWith(Ljava/lang/Object;Lscala/Function0;)Ljava/lang/Object;+14
j  net.liftweb.http.URLRewriter$.doWith(Lscala/Function1;Lscala/Function0;)Ljava/lang/Object;+6
j  net.liftweb.http.provider.HTTPProvider$$anonfun$service$2.apply$mcV$sp()V+19
j  net.liftweb.http.provider.HTTPProvider$$anonfun$service$2.apply()V+1
j  net.liftweb.http.provider.HTTPProvider$$anonfun$service$2.apply()Ljava/lang/Object;+1
j  net.liftweb.util.ThreadGlobal.doWith(Ljava/lang/Object;Lscala/Function0;)Ljava/lang/Object;+14
j  net.liftweb.http.provider.HTTPProvider$class.service(Lnet/liftweb/http/provider/HTTPProvider;Lnet/liftweb/http/provider/HTTPRequest;Lnet/liftweb/http/provider/HTTPResponse;Lscala/Function0;)V+92
j  net.liftweb.http.LiftFilter.service(Lnet/liftweb/http/provider/HTTPRequest;Lnet/liftweb/http/provider/HTTPResponse;Lscala/Function0;)V+4
j  net.liftweb.http.provider.servlet.ServletFilterProvider$$anonfun$doFilter$1$$anonfun$apply$mcV$sp$1.apply$mcV$sp()V+124
j  net.liftweb.http.provider.servlet.ServletFilterProvider$$anonfun$doFilter$1$$anonfun$apply$mcV$sp$1.apply()V+1
j  net.liftweb.http.provider.servlet.ServletFilterProvider$$anonfun$doFilter$1$$anonfun$apply$mcV$sp$1.apply()Ljava/lang/Object;+1
j  net.liftweb.http.CoreRequestVarHandler$$anonfun$apply$16$$anonfun$apply$17$$anonfun$apply$18$$anonfun$apply$19.apply()Ljava/lang/Object;+13
j  net.liftweb.util.ThreadGlobal.doWith(Ljava/lang/Object;Lscala/Function0;)Ljava/lang/Object;+14
j  net.liftweb.http.CoreRequestVarHandler$$anonfun$apply$16$$anonfun$apply$17$$anonfun$apply$18.apply()Ljava/lang/Object;+33
j  net.liftweb.util.ThreadGlobal.doWith(Ljava/lang/Object;Lscala/Function0;)Ljava/lang/Object;+14
j  net.liftweb.http.CoreRequestVarHandler$$anonfun$apply$16$$anonfun$apply$17.apply()Ljava/lang/Object;+27
j  net.liftweb.util.ThreadGlobal.doWith(Ljava/lang/Object;Lscala/Function0;)Ljava/lang/Object;+14
j  net.liftweb.http.CoreRequestVarHandler$$anonfun$apply$16.apply()Ljava/lang/Object;+24
j  net.liftweb.util.ThreadGlobal.doWith(Ljava/lang/Object;Lscala/Function0;)Ljava/lang/Object;+14
j  net.liftweb.http.CoreRequestVarHandler$class.apply(Lnet/liftweb/http/CoreRequestVarHandler;Lnet/liftweb/common/Box;Lscala/Function0;)Ljava/lang/Object;+126
j  net.liftweb.http.RequestVarHandler$.apply(Lnet/liftweb/common/Box;Lscala/Function0;)Ljava/lang/Object;+3
j  net.liftweb.http.provider.servlet.ServletFilterProvider$$anonfun$doFilter$1.apply()V+14
j  net.liftweb.http.provider.servlet.ServletFilterProvider$$anonfun$doFilter$1.apply()Ljava/lang/Object;+1
j  net.liftweb.http.CoreRequestVarHandler$$anonfun$apply$16$$anonfun$apply$17$$anonfun$apply$18$$anonfun$apply$19.apply()Ljava/lang/Object;+13
j  net.liftweb.util.ThreadGlobal.doWith(Ljava/lang/Object;Lscala/Function0;)Ljava/lang/Object;+14
j  net.liftweb.http.CoreRequestVarHandler$$anonfun$apply$16$$anonfun$apply$17$$anonfun$apply$18.apply()Ljava/lang/Object;+33
j  net.liftweb.util.ThreadGlobal.doWith(Ljava/lang/Object;Lscala/Function0;)Ljava/lang/Object;+14
j  net.liftweb.http.CoreRequestVarHandler$$anonfun$apply$16$$anonfun$apply$17.apply()Ljava/lang/Object;+27
j  net.liftweb.util.ThreadGlobal.doWith(Ljava/lang/Object;Lscala/Function0;)Ljava/lang/Object;+14
j  net.liftweb.http.CoreRequestVarHandler$$anonfun$apply$16.apply()Ljava/lang/Object;+24
j  net.liftweb.util.ThreadGlobal.doWith(Ljava/lang/Object;Lscala/Function0;)Ljava/lang/Object;+14
j  net.liftweb.http.CoreRequestVarHandler$class.apply(Lnet/liftweb/http/CoreRequestVarHandler;Lnet/liftweb/common/Box;Lscala/Function0;)Ljava/lang/Object;+126
j  net.liftweb.http.provider.servlet.ServletFilterProvider$class.doFilter(Lnet/liftweb/http/provider/servlet/ServletFilterProvider;Ljavax/servlet/ServletRequest;Ljavax/servlet/ServletResponse;Ljavax/servlet/FilterChain;)V+70
j  net.liftweb.http.LiftFilter.doFilter(Ljavax/servlet/ServletRequest;Ljavax/servlet/ServletResponse;Ljavax/servlet/FilterChain;)V+4
j  org.mortbay.jetty.servlet.ServletHandler$CachedChain.doFilter(Ljavax/servlet/ServletRequest;Ljavax/servlet/ServletResponse;)V+53
j  org.mortbay.jetty.servlet.ServletHandler.handle(Ljava/lang/String;Ljavax/servlet/http/HttpServletRequest;Ljavax/servlet/http/HttpServletResponse;I)V+465
j  org.mortbay.jetty.security.SecurityHandler.handle(Ljava/lang/String;Ljavax/servlet/http/HttpServletRequest;Ljavax/servlet/http/HttpServletResponse;I)V+206
j  org.mortbay.jetty.servlet.SessionHandler.handle(Ljava/lang/String;Ljavax/servlet/http/HttpServletRequest;Ljavax/servlet/http/HttpServletResponse;I)V+225
j  org.mortbay.jetty.handler.ContextHandler.handle(Ljava/lang/String;Ljavax/servlet/http/HttpServletRequest;Ljavax/servlet/http/HttpServletResponse;I)V+709
j  org.mortbay.jetty.webapp.WebAppContext.handle(Ljava/lang/String;Ljavax/servlet/http/HttpServletRequest;Ljavax/servlet/http/HttpServletResponse;I)V+25
j  org.mortbay.jetty.handler.HandlerWrapper.handle(Ljava/lang/String;Ljavax/servlet/http/HttpServletRequest;Ljavax/servlet/http/HttpServletResponse;I)V+23
j  org.mortbay.jetty.Server.handle(Lorg/mortbay/jetty/HttpConnection;)V+56
j  org.mortbay.jetty.HttpConnection.handleRequest()V+137
j  org.mortbay.jetty.HttpConnection$RequestHandler.content(Lorg/mortbay/io/Buffer;)V+23
j  org.mortbay.jetty.HttpParser.parseNext()J+3161
j  org.mortbay.jetty.HttpParser.parseAvailable()J+44
j  org.mortbay.jetty.HttpConnection.handle()V+122
j  org.mortbay.io.nio.SelectChannelEndPoint.run()V+4
j  org.mortbay.thread.QueuedThreadPool$PoolThread.run()V+25
v  ~StubRoutines::call_stub

---------------  P R O C E S S  ---------------

Java Threads: ( => current thread )
  0x00007f4384750000 JavaThread "pool-48-thread-2" [_thread_in_native, id=21315, stack(0x00007f43832f3000,0x00007f43833f4000)]
  0x00007f4384c75800 JavaThread "pool-48-thread-1" [_thread_in_native, id=21314, stack(0x00007f4390a7b000,0x00007f4390b7c000)]
  0x0000000001c58800 JavaThread "pool-9-thread-6" [_thread_blocked, id=21307, stack(0x00007f4382ced000,0x00007f4382dee000)]
  0x00000000020f0000 JavaThread "pool-9-thread-5" [_thread_blocked, id=21306, stack(0x00007f4382dee000,0x00007f4382eef000)]
  0x0000000001a97000 JavaThread "pool-9-thread-4" [_thread_blocked, id=21283, stack(0x00007f4382eef000,0x00007f4382ff0000)]
  0x0000000001a96000 JavaThread "pool-9-thread-3" [_thread_blocked, id=21282, stack(0x00007f4382ff0000,0x00007f43830f1000)]
  0x000000000171d800 JavaThread "pool-9-thread-2" [_thread_blocked, id=21259, stack(0x00007f43830f1000,0x00007f43831f2000)]
  0x00000000020ef800 JavaThread "pool-9-thread-1" [_thread_blocked, id=21258, stack(0x00007f43831f2000,0x00007f43832f3000)]
  0x0000000001cf3000 JavaThread "ActorPinger" daemon [_thread_blocked, id=21245, stack(0x00007f439097a000,0x00007f4390a7b000)]
=>0x0000000001949000 JavaThread "564004885@qtp-1174308897-3 - /ajax_request/F1232800838480GRRMIU/" [_thread_in_native, id=21243, stack(0x00007f43833f4000,0x00007f43834f5000)]
  0x00000000017b7800 JavaThread "1373357@qtp-1174308897-2" [_thread_blocked, id=21241, stack(0x00007f43834f5000,0x00007f43835f6000)]
  0x0000000001a64800 JavaThread "pool-12-thread-16" [_thread_blocked, id=21238, stack(0x00007f43835f6000,0x00007f43836f7000)]
  0x0000000001a62800 JavaThread "pool-12-thread-15" [_thread_blocked, id=21237, stack(0x00007f43836f7000,0x00007f43837f8000)]
  0x00000000018db000 JavaThread "pool-12-thread-14" [_thread_blocked, id=21236, stack(0x00007f43837f8000,0x00007f43838f9000)]
  0x00000000018d9800 JavaThread "pool-12-thread-13" [_thread_blocked, id=21235, stack(0x00007f43838f9000,0x00007f43839fa000)]
  0x0000000001a4d800 JavaThread "pool-12-thread-12" [_thread_blocked, id=21234, stack(0x00007f43839fa000,0x00007f4383afb000)]
  0x00000000018d6000 JavaThread "pool-12-thread-11" [_thread_blocked, id=21233, stack(0x00007f4383afb000,0x00007f4383bfc000)]
  0x0000000001a4b800 JavaThread "pool-12-thread-10" [_thread_blocked, id=21232, stack(0x00007f4383bfc000,0x00007f4383cfd000)]
  0x0000000001af1800 JavaThread "pool-12-thread-9" [_thread_blocked, id=21231, stack(0x00007f4383cfd000,0x00007f4383dfe000)]
  0x0000000001b49800 JavaThread "pool-12-thread-8" [_thread_blocked, id=21230, stack(0x00007f4383dfe000,0x00007f4383eff000)]
  0x0000000001b4c000 JavaThread "pool-12-thread-7" [_thread_blocked, id=21229, stack(0x00007f4383eff000,0x00007f4384000000)]
  0x0000000001950800 JavaThread "pool-12-thread-6" [_thread_blocked, id=21228, stack(0x00007f4390052000,0x00007f4390153000)]
  0x00000000022fb000 JavaThread "pool-12-thread-5" [_thread_blocked, id=21225, stack(0x00007f4390778000,0x00007f4390879000)]
  0x00007f438c939800 JavaThread "pool-12-thread-4" [_thread_blocked, id=21224, stack(0x00007f4390879000,0x00007f439097a000)]
  0x000000000190b800 JavaThread "pool-12-thread-3" [_thread_blocked, id=21221, stack(0x00007f4390b7c000,0x00007f4390c7d000)]
  0x00007f438cccb800 JavaThread "pool-12-thread-2" [_thread_blocked, id=21220, stack(0x00007f4391de7000,0x00007f4391ee8000)]
  0x00007f438d8e7800 JavaThread "pool-12-thread-1" [_thread_blocked, id=21219, stack(0x00007f4391ee8000,0x00007f4391fe9000)]
  0x00007f438d0fb800 JavaThread "Lift Scheduler" daemon [_thread_blocked, id=21212, stack(0x00007f4391fe9000,0x00007f43920ea000)]
  0x00007f43846af800 JavaThread "Timer-1" daemon [_thread_blocked, id=21211, stack(0x00007f43920ea000,0x00007f43921eb000)]
  0x00007f43842f4800 JavaThread "1133721516@qtp-1174308897-1 - Acceptor0 SelectChannelConnector@0.0.0.0:8080" [_thread_in_native, id=21210, stack(0x00007f4392544000,0x00007f4392645000)]
  0x00007f43855c7000 JavaThread "1950390235@qtp-1174308897-0" [_thread_blocked, id=21209, stack(0x00007f4392645000,0x00007f4392746000)]
  0x00007f4384555800 JavaThread "Timer-0" daemon [_thread_blocked, id=21208, stack(0x00007f43921f8000,0x00007f43922f9000)]
  0x00007f438c001000 JavaThread "Low Memory Detector" daemon [_thread_blocked, id=21183, stack(0x00007f4392e8f000,0x00007f4392f90000)]
  0x000000000179b800 JavaThread "C2 CompilerThread1" daemon [_thread_in_native, id=21182, stack(0x00007f4392f90000,0x00007f4393091000)]
  0x0000000001798800 JavaThread "C2 CompilerThread0" daemon [_thread_blocked, id=21181, stack(0x00007f4393091000,0x00007f4393192000)]
  0x000000000178a000 JavaThread "Signal Dispatcher" daemon [_thread_blocked, id=21180, stack(0x00007f4393192000,0x00007f4393293000)]
  0x0000000001777800 JavaThread "Finalizer" daemon [_thread_blocked, id=21179, stack(0x00007f4393977000,0x00007f4393a78000)]
  0x0000000001770000 JavaThread "Reference Handler" daemon [_thread_blocked, id=21178, stack(0x00007f4393a78000,0x00007f4393b79000)]
  0x0000000001705800 JavaThread "main" [_thread_blocked, id=21174, stack(0x00007f439ab27000,0x00007f439ac28000)]

Other Threads:
  0x0000000001769800 VMThread [stack: 0x00007f4393b79000,0x00007f4393c7a000] [id=21177]
  0x00007f438c004000 WatcherThread [stack: 0x00007f4392d8e000,0x00007f4392e8f000] [id=21184]

VM state:not at safepoint (normal execution)

VM Mutex/Monitor currently owned by a thread: None

Heap
 PSYoungGen      total 399040K, used 99331K [0x00000000e0800000, 0x00000000f99e0000, 0x0000000100000000)
  eden space 389120K, 25% used [0x00000000e0800000,0x00000000e6760e28,0x00000000f8400000)
  from space 9920K, 16% used [0x00000000f9030000,0x00000000f91d0010,0x00000000f99e0000)
  to   space 11200K, 0% used [0x00000000f8400000,0x00000000f8400000,0x00000000f8ef0000)
 PSOldGen        total 86592K, used 35859K [0x00000000a1800000, 0x00000000a6c90000, 0x00000000e0800000)
  object space 86592K, 41% used [0x00000000a1800000,0x00000000a3b04e28,0x00000000a6c90000)
 PSPermGen       total 123072K, used 89325K [0x0000000081800000, 0x0000000089030000, 0x00000000a1800000)
  object space 123072K, 72% used [0x0000000081800000,0x0000000086f3b448,0x0000000089030000)

Code Cache  [0x00007f4394a57000, 0x00007f43952e7000, 0x00007f4397a57000)
 total_blobs=2540 nmethods=2176 adapters=316 free_code_cache=41617088 largest_free_block=150336

Dynamic libraries:
00400000-00409000 r-xp 00000000 00:11 145189                             /usr/lib/jvm/java-6-openjdk/jre/bin/java
00608000-00609000 r--p 00008000 00:11 145189                             /usr/lib/jvm/java-6-openjdk/jre/bin/java
00609000-0060a000 rw-p 00009000 00:11 145189                             /usr/lib/jvm/java-6-openjdk/jre/bin/java
016f8000-03431000 rw-p 00000000 00:00 0                                  [heap]
81800000-89030000 rw-p 00000000 00:00 0 
89030000-a1800000 rw-p 00000000 00:00 0 
a1800000-a6c90000 rw-p 00000000 00:00 0 
a6c90000-a7110000 ---p 00000000 00:00 0 
a7110000-e0800000 rw-p 00000000 00:00 0 
e0800000-f99e0000 rw-p 00000000 00:00 0 
f99e0000-f9ba0000 ---p 00000000 00:00 0 
f9ba0000-100000000 rw-p 00000000 00:00 0 
7f4382ced000-7f4382cf0000 ---p 00000000 00:00 0 
7f4382cf0000-7f4382dee000 rw-p 00000000 00:00 0 
7f4382dee000-7f4382df1000 ---p 00000000 00:00 0 
7f4382df1000-7f4382eef000 rw-p 00000000 00:00 0 
7f4382eef000-7f4382ef2000 ---p 00000000 00:00 0 
7f4382ef2000-7f4382ff0000 rw-p 00000000 00:00 0 
7f4382ff0000-7f4382ff3000 ---p 00000000 00:00 0 
7f4382ff3000-7f43830f1000 rw-p 00000000 00:00 0 
7f43830f1000-7f43830f4000 ---p 00000000 00:00 0 
7f43830f4000-7f43831f2000 rw-p 00000000 00:00 0 
7f43831f2000-7f43831f5000 ---p 00000000 00:00 0 
7f43831f5000-7f43832f3000 rw-p 00000000 00:00 0 
7f43832f3000-7f43832f6000 ---p 00000000 00:00 0 
7f43832f6000-7f43833f4000 rw-p 00000000 00:00 0 
7f43833f4000-7f43833f7000 ---p 00000000 00:00 0 
7f43833f7000-7f43834f5000 rw-p 00000000 00:00 0 
7f43834f5000-7f43834f8000 ---p 00000000 00:00 0 
7f43834f8000-7f43835f6000 rw-p 00000000 00:00 0 
7f43835f6000-7f43835f9000 ---p 00000000 00:00 0 
7f43835f9000-7f43836f7000 rw-p 00000000 00:00 0 
7f43836f7000-7f43836fa000 ---p 00000000 00:00 0 
7f43836fa000-7f43837f8000 rw-p 00000000 00:00 0 
7f43837f8000-7f43837fb000 ---p 00000000 00:00 0 
7f43837fb000-7f43838f9000 rw-p 00000000 00:00 0 
7f43838f9000-7f43838fc000 ---p 00000000 00:00 0 
7f43838fc000-7f43839fa000 rw-p 00000000 00:00 0 
7f43839fa000-7f43839fd000 ---p 00000000 00:00 0 
7f43839fd000-7f4383afb000 rw-p 00000000 00:00 0 
7f4383afb000-7f4383afe000 ---p 00000000 00:00 0 
7f4383afe000-7f4383bfc000 rw-p 00000000 00:00 0 
7f4383bfc000-7f4383bff000 ---p 00000000 00:00 0 
7f4383bff000-7f4383cfd000 rw-p 00000000 00:00 0 
7f4383cfd000-7f4383d00000 ---p 00000000 00:00 0 
7f4383d00000-7f4383dfe000 rw-p 00000000 00:00 0 
7f4383dfe000-7f4383e01000 ---p 00000000 00:00 0 
7f4383e01000-7f4383eff000 rw-p 00000000 00:00 0 
7f4383eff000-7f4383f02000 ---p 00000000 00:00 0 
7f4383f02000-7f4384000000 rw-p 00000000 00:00 0 
7f4384000000-7f4387fab000 rw-p 00000000 00:00 0 
7f4387fab000-7f4388000000 ---p 00000000 00:00 0 
7f4388000000-7f438842d000 rw-p 00000000 00:00 0 
7f438842d000-7f438c000000 ---p 00000000 00:00 0 
7f438c000000-7f438fb47000 rw-p 00000000 00:00 0 
7f438fb47000-7f4390000000 ---p 00000000 00:00 0 
7f439003b000-7f4390052000 r--s 00000000 08:06 1513210                    /home/owen/school/se/demo/.target/webapp/static/fonts/PKBzyL4HSyakLt5dMEVc8A.ttf
7f4390052000-7f4390055000 ---p 00000000 00:00 0 
7f4390055000-7f4390153000 rw-p 00000000 00:00 0 
7f4390153000-7f439016a000 r-xp 00000000 00:11 8592                       /lib/x86_64-linux-gnu/libresolv-2.13.so
7f439016a000-7f439036a000 ---p 00017000 00:11 8592                       /lib/x86_64-linux-gnu/libresolv-2.13.so
7f439036a000-7f439036b000 r--p 00017000 00:11 8592                       /lib/x86_64-linux-gnu/libresolv-2.13.so
7f439036b000-7f439036c000 rw-p 00018000 00:11 8592                       /lib/x86_64-linux-gnu/libresolv-2.13.so
7f439036c000-7f439036e000 rw-p 00000000 00:00 0 
7f439036e000-7f4390374000 r-xp 00000000 00:11 8569                       /lib/x86_64-linux-gnu/libnss_dns-2.13.so
7f4390374000-7f4390573000 ---p 00006000 00:11 8569                       /lib/x86_64-linux-gnu/libnss_dns-2.13.so
7f4390573000-7f4390574000 r--p 00005000 00:11 8569                       /lib/x86_64-linux-gnu/libnss_dns-2.13.so
7f4390574000-7f4390575000 rw-p 00006000 00:11 8569                       /lib/x86_64-linux-gnu/libnss_dns-2.13.so
7f4390575000-7f4390577000 r-xp 00000000 00:11 3206                       /lib/libnss_mdns4_minimal.so.2
7f4390577000-7f4390776000 ---p 00002000 00:11 3206                       /lib/libnss_mdns4_minimal.so.2
7f4390776000-7f4390777000 r--p 00001000 00:11 3206                       /lib/libnss_mdns4_minimal.so.2
7f4390777000-7f4390778000 rw-p 00002000 00:11 3206                       /lib/libnss_mdns4_minimal.so.2
7f4390778000-7f439077b000 ---p 00000000 00:00 0 
7f439077b000-7f4390879000 rw-p 00000000 00:00 0 
7f4390879000-7f439087c000 ---p 00000000 00:00 0 
7f439087c000-7f439097a000 rw-p 00000000 00:00 0 
7f439097a000-7f439097d000 ---p 00000000 00:00 0 
7f439097d000-7f4390a7b000 rw-p 00000000 00:00 0 
7f4390a7b000-7f4390a7e000 ---p 00000000 00:00 0 
7f4390a7e000-7f4390b7c000 rw-p 00000000 00:00 0 
7f4390b7c000-7f4390b7f000 ---p 00000000 00:00 0 
7f4390b7f000-7f4390c7d000 rw-p 00000000 00:00 0 
7f4390c7d000-7f4390c7e000 ---p 00000000 00:00 0 
7f4390c7e000-7f439147e000 rw-p 00000000 00:00 0 
7f439147e000-7f439147f000 ---p 00000000 00:00 0 
7f439147f000-7f4391c7f000 rw-p 00000000 00:00 0 
7f4391c7f000-7f4391ce5000 r-xp 00000000 00:11 1035593                    /tmp/libsqlitejdbc-2054866904121099517.lib
7f4391ce5000-7f4391de4000 ---p 00066000 00:11 1035593                    /tmp/libsqlitejdbc-2054866904121099517.lib
7f4391de4000-7f4391de7000 rw-p 00065000 00:11 1035593                    /tmp/libsqlitejdbc-2054866904121099517.lib
7f4391de7000-7f4391dea000 ---p 00000000 00:00 0 
7f4391dea000-7f4391ee8000 rw-p 00000000 00:00 0 
7f4391ee8000-7f4391eeb000 ---p 00000000 00:00 0 
7f4391eeb000-7f4391fe9000 rw-p 00000000 00:00 0 
7f4391fe9000-7f4391fec000 ---p 00000000 00:00 0 
7f4391fec000-7f43920ea000 rw-p 00000000 00:00 0 
7f43920ea000-7f43920ed000 ---p 00000000 00:00 0 
7f43920ed000-7f43921eb000 rw-p 00000000 00:00 0 
7f43921eb000-7f43921ed000 r--s 0001f000 08:06 1395613                    /home/owen/.ivy2/cache/org.mortbay.jetty/servlet-api/jars/servlet-api-2.5-20081211.jar
7f43921ed000-7f43921f1000 r--s 00028000 08:06 1395611                    /home/owen/.ivy2/cache/org.mortbay.jetty/jetty-util/jars/jetty-util-6.1.22.jar
7f43921f1000-7f43921f8000 r--s 0007d000 08:06 1395606                    /home/owen/.ivy2/cache/org.mortbay.jetty/jetty/jars/jetty-6.1.22.jar
7f43921f8000-7f43921fb000 ---p 00000000 00:00 0 
7f43921fb000-7f43922f9000 rw-p 00000000 00:00 0 
7f43922f9000-7f43922fc000 r--s 00016000 08:06 1496178                    /home/owen/.ivy2/cache/org.scala-tools.time/time_2.9.1/jars/time_2.9.1-0.5.jar
7f43922fc000-7f4392300000 r--s 00027000 08:06 1465670                    /home/owen/.ivy2/cache/com.google.code.gson/gson/jars/gson-1.7.1.jar
7f4392300000-7f4392302000 r--s 00016000 08:06 1457575                    /home/owen/.ivy2/cache/javax.servlet/servlet-api/jars/servlet-api-2.4.jar
7f4392302000-7f4392365000 r--s 003c4000 08:06 1445093                    /home/owen/.ivy2/cache/org.scalaz/scalaz-core_2.9.1/jars/scalaz-core_2.9.1-6.0.3.jar
7f4392365000-7f439236b000 r--s 00049000 08:06 1415254                    /home/owen/.ivy2/cache/cglib/cglib-nodep/jars/cglib-nodep-2.2.jar
7f439236b000-7f4392384000 r--s 00160000 08:06 1456885                    /home/owen/.ivy2/cache/org.squeryl/squeryl_2.9.1/jars/squeryl_2.9.1-0.9.4.jar
7f4392384000-7f439238d000 r--s 0006d000 08:06 1479808                    /home/owen/.ivy2/cache/log4j/log4j/bundles/log4j-1.2.16.jar
7f439238d000-7f439238e000 r--s 00002000 08:06 1487347                    /home/owen/.ivy2/cache/org.slf4j/slf4j-log4j12/jars/slf4j-log4j12-1.6.1.jar
7f439238e000-7f4392399000 r--s 0007c000 08:06 1516873                    /home/owen/.ivy2/cache/net.liftweb/lift-widgets_2.9.1/jars/lift-widgets_2.9.1-2.4-M4.jar
7f4392399000-7f439239b000 r--s 00014000 08:06 1456883                    /home/owen/.ivy2/cache/net.liftweb/lift-json-ext_2.9.1/jars/lift-json-ext_2.9.1-2.4-M4.jar
7f439239b000-7f43923c3000 r--s 0025c000 08:06 1411985                    /home/owen/.ivy2/cache/org.apache.derby/derby/jars/derby-10.7.1.1.jar
7f43923c3000-7f43923cd000 r--s 00129000 08:06 1412618                    /home/owen/.ivy2/cache/com.h2database/h2/jars/h2-1.3.159.jar
7f43923cd000-7f43923d5000 r--s 00028000 08:06 1411856                    /home/owen/.ivy2/cache/xml-apis/xml-apis/jars/xml-apis-1.3.03.jar
7f43923d5000-7f43923ec000 r--s 00112000 08:06 1411669                    /home/owen/.ivy2/cache/xerces/xercesImpl/jars/xercesImpl-2.8.1.jar
7f43923ec000-7f43923ee000 r--s 0001a000 08:06 1411853                    /home/owen/.ivy2/cache/net.sourceforge.nekohtml/nekohtml/jars/nekohtml-1.9.7.jar
7f43923ee000-7f43923f3000 r--s 00040000 08:06 1412079                    /home/owen/.ivy2/cache/commons-httpclient/commons-httpclient/jars/commons-httpclient-3.0.1.jar
7f43923f3000-7f43923f9000 r--s 00053000 08:06 1411851                    /home/owen/.ivy2/cache/org.openid4java/openid4java-nodeps/jars/openid4java-nodeps-0.9.5.jar
7f43923fa000-7f43923ff000 r--s 00035000 08:06 1456906                    /home/owen/.ivy2/cache/net.liftweb/lift-proto_2.9.1/jars/lift-proto_2.9.1-2.4-M4.jar
7f43923ff000-7f4392406000 r--s 00041000 08:06 1456904                    /home/owen/.ivy2/cache/net.liftweb/lift-db_2.9.1/jars/lift-db_2.9.1-2.4-M4.jar
7f4392406000-7f4392421000 r--s 00150000 08:06 1456902                    /home/owen/.ivy2/cache/net.liftweb/lift-mapper_2.9.1/jars/lift-mapper_2.9.1-2.4-M4.jar
7f4392421000-7f4392425000 r--s 0001e000 08:06 1456881                    /home/owen/.ivy2/cache/net.liftweb/lift-openid_2.9.1/jars/lift-openid_2.9.1-2.4-M4.jar
7f4392425000-7f4392438000 r--s 000bb000 08:06 1456900                    /home/owen/.ivy2/cache/org.scala-lang/scalap/jars/scalap-2.9.1.jar
7f4392438000-7f439243a000 r--s 00006000 08:06 1395604                    /home/owen/.ivy2/cache/com.thoughtworks.paranamer/paranamer/jars/paranamer-2.3.jar
7f439243a000-7f4392442000 r--s 00064000 08:06 1456897                    /home/owen/.ivy2/cache/net.liftweb/lift-json_2.9.1/jars/lift-json_2.9.1-2.4-M4.jar
7f4392442000-7f4392444000 r--s 00005000 08:06 1395602                    /home/owen/.ivy2/cache/org.slf4j/slf4j-api/jars/slf4j-api-1.6.1.jar
7f4392444000-7f4392447000 r--s 00029000 08:06 1456899                    /home/owen/.ivy2/cache/net.liftweb/lift-common_2.9.1/jars/lift-common_2.9.1-2.4-M4.jar
7f4392447000-7f4392449000 r--s 00013000 08:06 1456895                    /home/owen/.ivy2/cache/net.liftweb/lift-actor_2.9.1/jars/lift-actor_2.9.1-2.4-M4.jar
7f4392449000-7f439244b000 r--s 0000e000 08:06 1395598                    /home/owen/.ivy2/cache/javax.activation/activation/jars/activation-1.1.jar
7f439244b000-7f4392452000 r--s 00072000 08:06 1411835                    /home/owen/.ivy2/cache/javax.mail/mail/jars/mail-1.4.4.jar
7f4392452000-7f4392456000 r--s 0003e000 08:06 1395588                    /home/owen/.ivy2/cache/nu.validator.htmlparser/htmlparser/jars/htmlparser-1.2.1.jar
7f4392456000-7f4392479000 r--s 00170000 08:06 1456893                    /home/owen/.ivy2/cache/net.liftweb/lift-util_2.9.1/jars/lift-util_2.9.1-2.4-M4.jar
7f4392479000-7f439247b000 r--s 0000d000 08:06 1395582                    /home/owen/.ivy2/cache/commons-fileupload/commons-fileupload/jars/commons-fileupload-1.2.2.jar
7f439247b000-7f43924d8000 r--s 004a2000 08:06 1456879                    /home/owen/.ivy2/cache/net.liftweb/lift-webkit_2.9.1/jars/lift-webkit_2.9.1-2.4-M4.jar
7f43924d8000-7f43924dd000 r--s 0002b000 08:06 1444000                    /home/owen/.ivy2/cache/org.apache.httpcomponents/httpcore-nio/jars/httpcore-nio-4.1.jar
7f43924dd000-7f43924e0000 r--s 00014000 08:06 1443998                    /home/owen/.ivy2/cache/org.apache.httpcomponents/httpasyncclient/jars/httpasyncclient-4.0-alpha1.jar
7f43924e0000-7f43924e1000 r--s 00007000 08:06 1456877                    /home/owen/.ivy2/cache/net.databinder/dispatch-nio_2.9.1/jars/dispatch-nio_2.9.1-0.8.5.jar
7f43924e1000-7f43924e3000 r--s 00002000 08:06 1456891                    /home/owen/.ivy2/cache/net.databinder/dispatch-futures_2.9.1/jars/dispatch-futures_2.9.1-0.8.5.jar
7f43924e3000-7f43924e4000 r--s 00006000 08:06 1456889                    /home/owen/.ivy2/cache/net.databinder/dispatch-http_2.9.1/jars/dispatch-http_2.9.1-0.8.5.jar
7f43924e4000-7f43924e6000 r--s 00007000 08:06 1456875                    /home/owen/.ivy2/cache/net.databinder/dispatch-oauth_2.9.1/jars/dispatch-oauth_2.9.1-0.8.5.jar
7f43924e6000-7f43924e9000 r--s 00016000 08:06 1456887                    /home/owen/.ivy2/cache/net.databinder/dispatch-json_2.9.1/jars/dispatch-json_2.9.1-0.8.5.jar
7f43924e9000-7f43924ea000 r--s 00001000 08:06 1456871                    /home/owen/.ivy2/cache/net.databinder/dispatch-http-json_2.9.1/jars/dispatch-http-json_2.9.1-0.8.5.jar
7f43924ea000-7f43924ec000 r--s 0000d000 08:06 1395586                    /home/owen/.ivy2/cache/commons-codec/commons-codec/jars/commons-codec-1.4.jar
7f43924ec000-7f43924ee000 r--s 0000d000 08:06 1411854                    /home/owen/.ivy2/cache/commons-logging/commons-logging/jars/commons-logging-1.1.1.jar
7f43924ee000-7f43924f3000 r--s 00028000 08:06 1418186                    /home/owen/.ivy2/cache/org.apache.httpcomponents/httpcore/jars/httpcore-4.1.jar
7f43924f3000-7f43924fb000 r--s 0004e000 08:06 1418179                    /home/owen/.ivy2/cache/org.apache.httpcomponents/httpclient/jars/httpclient-4.1.jar
7f43924fb000-7f43924fe000 r--s 00019000 08:06 1456869                    /home/owen/.ivy2/cache/net.databinder/dispatch-core_2.9.1/jars/dispatch-core_2.9.1-0.8.5.jar
7f43924fe000-7f4392501000 r--s 00007000 08:06 1439472                    /home/owen/.ivy2/cache/org.joda/joda-convert/jars/joda-convert-1.0.jar
7f4392501000-7f4392510000 r--s 0007c000 08:06 1438282                    /home/owen/.ivy2/cache/joda-time/joda-time/jars/joda-time-2.0.jar
7f4392510000-7f4392512000 r--s 0000d000 08:06 1392967                    /home/owen/school/se/demo/lib/scribe-1.2.2.jar
7f4392512000-7f4392516000 r--s 0028c000 08:06 1499562                    /home/owen/school/se/demo/lib/sqlitejdbc-v056.jar
7f4392516000-7f4392518000 r--s 00004000 08:06 1392886                    /home/owen/school/se/demo/lib/up_2.9.1-0.1.jar
7f4392518000-7f439251a000 r--s 0000c000 08:06 1463265                    /home/owen/school/se/demo/lib/default-d6c7ea_2.9.1-0.1.jar
7f439251a000-7f4392521000 r--s 00072000 08:06 1465846                    /home/owen/school/se/demo/lib/mail.jar
7f4392521000-7f4392523000 r--s 00008000 08:06 1487583                    /home/owen/school/se/demo/lib/dispatch-lift-json_2.9.1-0.1.jar
7f4392523000-7f439252d000 r--s 00129000 08:06 1464638                    /home/owen/school/se/demo/lib/h2-1.3.160.jar
7f439252d000-7f439252f000 r--s 0000e000 08:06 1465805                    /home/owen/school/se/demo/lib/activation.jar
7f4392544000-7f4392547000 ---p 00000000 00:00 0 
7f4392547000-7f4392645000 rw-p 00000000 00:00 0 
7f4392645000-7f4392648000 ---p 00000000 00:00 0 
7f4392648000-7f4392746000 rw-p 00000000 00:00 0 
7f4392746000-7f4392748000 r--s 00007000 08:06 1381175                    /home/owen/.sbt/boot/scala-2.9.1/org.scala-tools.sbt/sbt/0.11.0/xsbti/interface-0.11.0.jar
7f4392748000-7f439274a000 r--s 00006000 08:06 1381225                    /home/owen/.sbt/boot/scala-2.9.1/org.scala-tools.sbt/sbt/0.11.0/commons-codec-1.2.jar
7f439274a000-7f439274d000 r--s 00019000 08:06 1381232                    /home/owen/.sbt/boot/scala-2.9.1/org.scala-tools.sbt/sbt/0.11.0/persist_2.9.1-0.11.0.jar
7f439274d000-7f439275c000 r--s 000d9000 08:06 1381239                    /home/owen/.sbt/boot/scala-2.9.1/org.scala-tools.sbt/sbt/0.11.0/ivy-2.2.0.jar
7f439275c000-7f439275f000 r--s 00012000 08:06 1381235                    /home/owen/.sbt/boot/scala-2.9.1/org.scala-tools.sbt/sbt/0.11.0/classpath_2.9.1-0.11.0.jar
7f439275f000-7f4392765000 r--s 00040000 08:06 1381164                    /home/owen/.sbt/boot/scala-2.9.1/org.scala-tools.sbt/sbt/0.11.0/completion_2.9.1-0.11.0.jar
7f4392765000-7f4392767000 r--s 00014000 08:06 1381181                    /home/owen/.sbt/boot/scala-2.9.1/org.scala-tools.sbt/sbt/0.11.0/jline-0.9.94.jar
7f4392767000-7f4392769000 r--s 00014000 08:06 1381237                    /home/owen/.sbt/boot/scala-2.9.1/org.scala-tools.sbt/sbt/0.11.0/run_2.9.1-0.11.0.jar
7f4392769000-7f439276c000 r--s 00022000 08:06 1381216                    /home/owen/.sbt/boot/scala-2.9.1/org.scala-tools.sbt/sbt/0.11.0/sbinary_2.9.0-0.4.0.jar
7f439276c000-7f4392772000 r--s 00045000 08:06 1381257                    /home/owen/.sbt/boot/scala-2.9.1/org.scala-tools.sbt/sbt/0.11.0/commons-httpclient-3.1.jar
7f4392772000-7f4392775000 r--s 00016000 08:06 1381183                    /home/owen/.sbt/boot/scala-2.9.1/org.scala-tools.sbt/sbt/0.11.0/tasks_2.9.1-0.11.0.jar
7f4392775000-7f4392778000 r--s 0001b000 08:06 1381218                    /home/owen/.sbt/boot/scala-2.9.1/org.scala-tools.sbt/sbt/0.11.0/task-system_2.9.1-0.11.0.jar
7f4392778000-7f439277b000 r--s 00019000 08:06 1381196                    /home/owen/.sbt/boot/scala-2.9.1/org.scala-tools.sbt/sbt/0.11.0/process_2.9.1-0.11.0.jar
7f439277b000-7f439277c000 r--s 00002000 08:06 1381238                    /home/owen/.sbt/boot/scala-2.9.1/org.scala-tools.sbt/sbt/0.11.0/control_2.9.1-0.11.0.jar
7f439277c000-7f4392780000 r--s 00021000 08:06 1381214                    /home/owen/.sbt/boot/scala-2.9.1/org.scala-tools.sbt/sbt/0.11.0/incremental-compiler_2.9.1-0.11.0.jar
7f4392780000-7f4392781000 r--s 00001000 08:06 1381223                    /home/owen/.sbt/boot/scala-2.9.1/org.scala-tools.sbt/sbt/0.11.0/launcher-interface_2.9.1-0.11.0.jar
7f4392781000-7f4392783000 r--s 00000000 08:06 1381211                    /home/owen/.sbt/boot/scala-2.9.1/org.scala-tools.sbt/sbt/0.11.0/test-interface-0.5.jar
7f4392783000-7f439278a000 r--s 00046000 08:06 1381169                    /home/owen/.sbt/boot/scala-2.9.1/org.scala-tools.sbt/sbt/0.11.0/api_2.9.1-0.11.0.jar
7f439278a000-7f439278c000 r--s 00010000 08:06 1381193                    /home/owen/.sbt/boot/scala-2.9.1/org.scala-tools.sbt/sbt/0.11.0/testing_2.9.1-0.11.0.jar
7f439278c000-7f439278f000 r--s 0000f000 08:06 1381162                    /home/owen/.sbt/boot/scala-2.9.1/org.scala-tools.sbt/sbt/0.11.0/logging_2.9.1-0.11.0.jar
7f439278f000-7f4392798000 r--s 00078000 08:06 1381221                    /home/owen/.sbt/boot/scala-2.9.1/org.scala-tools.sbt/sbt/0.11.0/ivy_2.9.1-0.11.0.jar
7f4392798000-7f439279e000 r--s 0003a000 08:06 1381132                    /home/owen/.sbt/boot/scala-2.9.1/org.scala-tools.sbt/sbt/0.11.0/actions_2.9.1-0.11.0.jar
7f439279e000-7f43927b9000 r--s 0016d000 08:06 1381219                    /home/owen/.sbt/boot/scala-2.9.1/org.scala-tools.sbt/sbt/0.11.0/main_2.9.1-0.11.0.jar
7f43927b9000-7f43927be000 r--s 0003c000 08:06 1381161                    /home/owen/.sbt/boot/scala-2.9.1/org.scala-tools.sbt/sbt/0.11.0/collections_2.9.1-0.11.0.jar
7f43927be000-7f43927c4000 r--s 00038000 08:06 1381226                    /home/owen/.sbt/boot/scala-2.9.1/org.scala-tools.sbt/sbt/0.11.0/io_2.9.1-0.11.0.jar
7f43927c4000-7f43927c6000 r--s 00009000 08:06 1381178                    /home/owen/.sbt/boot/scala-2.9.1/org.scala-tools.sbt/sbt/0.11.0/tracking_2.9.1-0.11.0.jar
7f43927c6000-7f43927c9000 r--s 0001a000 08:06 1381180                    /home/owen/.sbt/boot/scala-2.9.1/org.scala-tools.sbt/sbt/0.11.0/compile_2.9.1-0.11.0.jar
7f43927c9000-7f43927cb000 r--s 00008000 08:06 1381217                    /home/owen/.sbt/boot/scala-2.9.1/org.scala-tools.sbt/sbt/0.11.0/commons-logging-1.0.4.jar
7f43927cb000-7f43927cc000 r--s 00003000 08:06 1381150                    /home/owen/.sbt/boot/scala-2.9.1/org.scala-tools.sbt/sbt/0.11.0/sbt_2.9.1-0.11.0.jar
7f43927cc000-7f43927cf000 r--s 00027000 08:06 1381198                    /home/owen/.sbt/boot/scala-2.9.1/org.scala-tools.sbt/sbt/0.11.0/jsch-0.1.31.jar
7f43927cf000-7f43927d2000 r--s 00012000 08:06 1381234                    /home/owen/.sbt/boot/scala-2.9.1/org.scala-tools.sbt/sbt/0.11.0/classfile_2.9.1-0.11.0.jar
7f43927d2000-7f43927d5000 r--s 00019000 08:06 1381130                    /home/owen/.sbt/boot/scala-2.9.1/org.scala-tools.sbt/sbt/0.11.0/cache_2.9.1-0.11.0.jar
7f43927d5000-7f43927d7000 r--s 00004000 08:06 1381204                    /home/owen/.sbt/boot/scala-2.9.1/org.scala-tools.sbt/sbt/0.11.0/discovery_2.9.1-0.11.0.jar
7f43927d7000-7f4392854000 r--s 007f2000 08:06 1377359                    /home/owen/.sbt/boot/scala-2.9.1/lib/scala-library.jar
7f4392854000-7f439291a000 r--s 00a04000 08:06 1380998                    /home/owen/.sbt/boot/scala-2.9.1/lib/scala-compiler.jar
7f439291a000-7f4392922000 r-xp 00000000 00:11 145198                     /usr/lib/jvm/java-6-openjdk/jre/lib/amd64/libnio.so
7f4392922000-7f4392b21000 ---p 00008000 00:11 145198                     /usr/lib/jvm/java-6-openjdk/jre/lib/amd64/libnio.so
7f4392b21000-7f4392b22000 r--p 00007000 00:11 145198                     /usr/lib/jvm/java-6-openjdk/jre/lib/amd64/libnio.so
7f4392b22000-7f4392b23000 rw-p 00008000 00:11 145198                     /usr/lib/jvm/java-6-openjdk/jre/lib/amd64/libnio.so
7f4392b23000-7f4392b54000 rw-p 00000000 00:00 0 
7f4392b54000-7f4392b69000 r-xp 00000000 00:11 145208                     /usr/lib/jvm/java-6-openjdk/jre/lib/amd64/libnet.so
7f4392b69000-7f4392d68000 ---p 00015000 00:11 145208                     /usr/lib/jvm/java-6-openjdk/jre/lib/amd64/libnet.so
7f4392d68000-7f4392d69000 r--p 00014000 00:11 145208                     /usr/lib/jvm/java-6-openjdk/jre/lib/amd64/libnet.so
7f4392d69000-7f4392d6a000 rw-p 00015000 00:11 145208                     /usr/lib/jvm/java-6-openjdk/jre/lib/amd64/libnet.so
7f4392d6a000-7f4392d6e000 r--s 0007c000 00:11 144558                     /usr/lib/jvm/java-6-openjdk/jre/lib/jsse.jar
7f4392d6e000-7f4392d76000 r--s 00066000 00:11 146848                     /usr/share/java/gnome-java-bridge.jar
7f4392d76000-7f4392d78000 r--s 0000f000 00:11 144544                     /usr/lib/jvm/java-6-openjdk/jre/lib/ext/pulse-java.jar
7f4392d78000-7f4392d8e000 r--s 000e8000 08:06 1389131                    /home/owen/bin/sbt-launch.jar
7f4392d8e000-7f4392d8f000 ---p 00000000 00:00 0 
7f4392d8f000-7f4392e8f000 rw-p 00000000 00:00 0 
7f4392e8f000-7f4392e92000 ---p 00000000 00:00 0 
7f4392e92000-7f4392f90000 rw-p 00000000 00:00 0 
7f4392f90000-7f4392f93000 ---p 00000000 00:00 0 
7f4392f93000-7f4393091000 rw-p 00000000 00:00 0 
7f4393091000-7f4393094000 ---p 00000000 00:00 0 
7f4393094000-7f4393192000 rw-p 00000000 00:00 0 
7f4393192000-7f4393195000 ---p 00000000 00:00 0 
7f4393195000-7f4393293000 rw-p 00000000 00:00 0 
7f4393293000-7f4393977000 r--p 00000000 00:11 16718                      /usr/lib/locale/locale-archive
7f4393977000-7f439397a000 ---p 00000000 00:00 0 
7f439397a000-7f4393a78000 rw-p 00000000 00:00 0 
7f4393a78000-7f4393a7b000 ---p 00000000 00:00 0 
7f4393a7b000-7f4393b79000 rw-p 00000000 00:00 0 
7f4393b79000-7f4393b7a000 ---p 00000000 00:00 0 
7f4393b7a000-7f4393fb0000 rw-p 00000000 00:00 0 
7f4393fb0000-7f4394140000 r--s 037b6000 00:11 145238                     /usr/lib/jvm/java-6-openjdk/jre/lib/rt.jar
7f4394140000-7f4394168000 rw-p 00000000 00:00 0 
7f4394168000-7f4394169000 ---p 00000000 00:00 0 
7f4394169000-7f4394269000 rw-p 00000000 00:00 0 
7f4394269000-7f439426a000 ---p 00000000 00:00 0 
7f439426a000-7f43943a7000 rw-p 00000000 00:00 0 
7f43943a7000-7f439446a000 rw-p 00000000 00:00 0 
7f439446a000-7f4394495000 rw-p 00000000 00:00 0 
7f4394495000-7f4394497000 ---p 00000000 00:00 0 
7f4394497000-7f4394662000 rw-p 00000000 00:00 0 
7f4394662000-7f439469f000 rw-p 00000000 00:00 0 
7f439469f000-7f4394762000 rw-p 00000000 00:00 0 
7f4394762000-7f439478d000 rw-p 00000000 00:00 0 
7f439478d000-7f439478f000 ---p 00000000 00:00 0 
7f439478f000-7f439495a000 rw-p 00000000 00:00 0 
7f439495a000-7f4394a23000 rw-p 00000000 00:00 0 
7f4394a23000-7f4394a24000 ---p 00000000 00:00 0 
7f4394a24000-7f4394a56000 rw-p 00000000 00:00 0 
7f4394a56000-7f4394a57000 rw-p 00000000 00:00 0 
7f4394a57000-7f43952e7000 rwxp 00000000 00:00 0 
7f43952e7000-7f4397a57000 rw-p 00000000 00:00 0 
7f4397a57000-7f4397a5e000 r-xp 00000000 00:11 145222                     /usr/lib/jvm/java-6-openjdk/jre/lib/amd64/libzip.so
7f4397a5e000-7f4397c5d000 ---p 00007000 00:11 145222                     /usr/lib/jvm/java-6-openjdk/jre/lib/amd64/libzip.so
7f4397c5d000-7f4397c5e000 r--p 00006000 00:11 145222                     /usr/lib/jvm/java-6-openjdk/jre/lib/amd64/libzip.so
7f4397c5e000-7f4397c5f000 rw-p 00007000 00:11 145222                     /usr/lib/jvm/java-6-openjdk/jre/lib/amd64/libzip.so
7f4397c5f000-7f4397c6b000 r-xp 00000000 00:11 8571                       /lib/x86_64-linux-gnu/libnss_files-2.13.so
7f4397c6b000-7f4397e6a000 ---p 0000c000 00:11 8571                       /lib/x86_64-linux-gnu/libnss_files-2.13.so
7f4397e6a000-7f4397e6b000 r--p 0000b000 00:11 8571                       /lib/x86_64-linux-gnu/libnss_files-2.13.so
7f4397e6b000-7f4397e6c000 rw-p 0000c000 00:11 8571                       /lib/x86_64-linux-gnu/libnss_files-2.13.so
7f4397e6c000-7f4397e76000 r-xp 00000000 00:11 8575                       /lib/x86_64-linux-gnu/libnss_nis-2.13.so
7f4397e76000-7f4398076000 ---p 0000a000 00:11 8575                       /lib/x86_64-linux-gnu/libnss_nis-2.13.so
7f4398076000-7f4398077000 r--p 0000a000 00:11 8575                       /lib/x86_64-linux-gnu/libnss_nis-2.13.so
7f4398077000-7f4398078000 rw-p 0000b000 00:11 8575                       /lib/x86_64-linux-gnu/libnss_nis-2.13.so
7f4398078000-7f439808f000 r-xp 00000000 00:11 8565                       /lib/x86_64-linux-gnu/libnsl-2.13.so
7f439808f000-7f439828e000 ---p 00017000 00:11 8565                       /lib/x86_64-linux-gnu/libnsl-2.13.so
7f439828e000-7f439828f000 r--p 00016000 00:11 8565                       /lib/x86_64-linux-gnu/libnsl-2.13.so
7f439828f000-7f4398290000 rw-p 00017000 00:11 8565                       /lib/x86_64-linux-gnu/libnsl-2.13.so
7f4398290000-7f4398292000 rw-p 00000000 00:00 0 
7f4398292000-7f439829a000 r-xp 00000000 00:11 8567                       /lib/x86_64-linux-gnu/libnss_compat-2.13.so
7f439829a000-7f4398499000 ---p 00008000 00:11 8567                       /lib/x86_64-linux-gnu/libnss_compat-2.13.so
7f4398499000-7f439849a000 r--p 00007000 00:11 8567                       /lib/x86_64-linux-gnu/libnss_compat-2.13.so
7f439849a000-7f439849b000 rw-p 00008000 00:11 8567                       /lib/x86_64-linux-gnu/libnss_compat-2.13.so
7f439849b000-7f43984c7000 r-xp 00000000 00:11 145221                     /usr/lib/jvm/java-6-openjdk/jre/lib/amd64/libjava.so
7f43984c7000-7f43986c6000 ---p 0002c000 00:11 145221                     /usr/lib/jvm/java-6-openjdk/jre/lib/amd64/libjava.so
7f43986c6000-7f43986c7000 r--p 0002b000 00:11 145221                     /usr/lib/jvm/java-6-openjdk/jre/lib/amd64/libjava.so
7f43986c7000-7f43986ca000 rw-p 0002c000 00:11 145221                     /usr/lib/jvm/java-6-openjdk/jre/lib/amd64/libjava.so
7f43986ca000-7f43986d8000 r-xp 00000000 00:11 145207                     /usr/lib/jvm/java-6-openjdk/jre/lib/amd64/libverify.so
7f43986d8000-7f43988d7000 ---p 0000e000 00:11 145207                     /usr/lib/jvm/java-6-openjdk/jre/lib/amd64/libverify.so
7f43988d7000-7f43988d9000 r--p 0000d000 00:11 145207                     /usr/lib/jvm/java-6-openjdk/jre/lib/amd64/libverify.so
7f43988d9000-7f43988da000 rw-p 0000f000 00:11 145207                     /usr/lib/jvm/java-6-openjdk/jre/lib/amd64/libverify.so
7f43988da000-7f43988e1000 r-xp 00000000 00:11 8594                       /lib/x86_64-linux-gnu/librt-2.13.so
7f43988e1000-7f4398ae0000 ---p 00007000 00:11 8594                       /lib/x86_64-linux-gnu/librt-2.13.so
7f4398ae0000-7f4398ae1000 r--p 00006000 00:11 8594                       /lib/x86_64-linux-gnu/librt-2.13.so
7f4398ae1000-7f4398ae2000 rw-p 00007000 00:11 8594                       /lib/x86_64-linux-gnu/librt-2.13.so
7f4398ae2000-7f4398af7000 r-xp 00000000 00:11 8551                       /lib/x86_64-linux-gnu/libgcc_s.so.1
7f4398af7000-7f4398cf6000 ---p 00015000 00:11 8551                       /lib/x86_64-linux-gnu/libgcc_s.so.1
7f4398cf6000-7f4398cf7000 r--p 00014000 00:11 8551                       /lib/x86_64-linux-gnu/libgcc_s.so.1
7f4398cf7000-7f4398cf8000 rw-p 00015000 00:11 8551                       /lib/x86_64-linux-gnu/libgcc_s.so.1
7f4398cf8000-7f4398d7b000 r-xp 00000000 00:11 8560                       /lib/x86_64-linux-gnu/libm-2.13.so
7f4398d7b000-7f4398f7a000 ---p 00083000 00:11 8560                       /lib/x86_64-linux-gnu/libm-2.13.so
7f4398f7a000-7f4398f7b000 r--p 00082000 00:11 8560                       /lib/x86_64-linux-gnu/libm-2.13.so
7f4398f7b000-7f4398f7c000 rw-p 00083000 00:11 8560                       /lib/x86_64-linux-gnu/libm-2.13.so
7f4398f7c000-7f4399064000 r-xp 00000000 00:11 26069                      /usr/lib/x86_64-linux-gnu/libstdc++.so.6.0.16
7f4399064000-7f4399264000 ---p 000e8000 00:11 26069                      /usr/lib/x86_64-linux-gnu/libstdc++.so.6.0.16
7f4399264000-7f439926c000 r--p 000e8000 00:11 26069                      /usr/lib/x86_64-linux-gnu/libstdc++.so.6.0.16
7f439926c000-7f439926e000 rw-p 000f0000 00:11 26069                      /usr/lib/x86_64-linux-gnu/libstdc++.so.6.0.16
7f439926e000-7f4399283000 rw-p 00000000 00:00 0 
7f4399283000-7f4399b86000 r-xp 00000000 00:11 145225                     /usr/lib/jvm/java-6-openjdk/jre/lib/amd64/server/libjvm.so
7f4399b86000-7f4399d85000 ---p 00903000 00:11 145225                     /usr/lib/jvm/java-6-openjdk/jre/lib/amd64/server/libjvm.so
7f4399d85000-7f4399e06000 r--p 00902000 00:11 145225                     /usr/lib/jvm/java-6-openjdk/jre/lib/amd64/server/libjvm.so
7f4399e06000-7f4399e21000 rw-p 00983000 00:11 145225                     /usr/lib/jvm/java-6-openjdk/jre/lib/amd64/server/libjvm.so
7f4399e21000-7f4399e4a000 rw-p 00000000 00:00 0 
7f4399e4a000-7f4399e61000 r-xp 00000000 00:11 8613                       /lib/x86_64-linux-gnu/libz.so.1.2.3.4
7f4399e61000-7f439a060000 ---p 00017000 00:11 8613                       /lib/x86_64-linux-gnu/libz.so.1.2.3.4
7f439a060000-7f439a061000 r--p 00016000 00:11 8613                       /lib/x86_64-linux-gnu/libz.so.1.2.3.4
7f439a061000-7f439a062000 rw-p 00017000 00:11 8613                       /lib/x86_64-linux-gnu/libz.so.1.2.3.4
7f439a062000-7f439a1f7000 r-xp 00000000 00:11 8530                       /lib/x86_64-linux-gnu/libc-2.13.so
7f439a1f7000-7f439a3f6000 ---p 00195000 00:11 8530                       /lib/x86_64-linux-gnu/libc-2.13.so
7f439a3f6000-7f439a3fa000 r--p 00194000 00:11 8530                       /lib/x86_64-linux-gnu/libc-2.13.so
7f439a3fa000-7f439a3fb000 rw-p 00198000 00:11 8530                       /lib/x86_64-linux-gnu/libc-2.13.so
7f439a3fb000-7f439a401000 rw-p 00000000 00:00 0 
7f439a401000-7f439a403000 r-xp 00000000 00:11 8541                       /lib/x86_64-linux-gnu/libdl-2.13.so
7f439a403000-7f439a603000 ---p 00002000 00:11 8541                       /lib/x86_64-linux-gnu/libdl-2.13.so
7f439a603000-7f439a604000 r--p 00002000 00:11 8541                       /lib/x86_64-linux-gnu/libdl-2.13.so
7f439a604000-7f439a605000 rw-p 00003000 00:11 8541                       /lib/x86_64-linux-gnu/libdl-2.13.so
7f439a605000-7f439a609000 r-xp 00000000 00:11 145205                     /usr/lib/jvm/java-6-openjdk/jre/lib/amd64/jli/libjli.so
7f439a609000-7f439a808000 ---p 00004000 00:11 145205                     /usr/lib/jvm/java-6-openjdk/jre/lib/amd64/jli/libjli.so
7f439a808000-7f439a809000 r--p 00003000 00:11 145205                     /usr/lib/jvm/java-6-openjdk/jre/lib/amd64/jli/libjli.so
7f439a809000-7f439a80a000 rw-p 00004000 00:11 145205                     /usr/lib/jvm/java-6-openjdk/jre/lib/amd64/jli/libjli.so
7f439a80a000-7f439a822000 r-xp 00000000 00:11 8590                       /lib/x86_64-linux-gnu/libpthread-2.13.so
7f439a822000-7f439aa21000 ---p 00018000 00:11 8590                       /lib/x86_64-linux-gnu/libpthread-2.13.so
7f439aa21000-7f439aa22000 r--p 00017000 00:11 8590                       /lib/x86_64-linux-gnu/libpthread-2.13.so
7f439aa22000-7f439aa23000 rw-p 00018000 00:11 8590                       /lib/x86_64-linux-gnu/libpthread-2.13.so
7f439aa23000-7f439aa27000 rw-p 00000000 00:00 0 
7f439aa27000-7f439aa48000 r-xp 00000000 00:11 8517                       /lib/x86_64-linux-gnu/ld-2.13.so
7f439aa48000-7f439aa49000 r--s 00000000 08:06 1411841                    /home/owen/.ivy2/cache/org.openid4java/openid4java-consumer/jars/openid4java-consumer-0.9.5.jar
7f439aa5e000-7f439aa5f000 r--s 00000000 08:06 1513213                    /home/owen/school/se/demo/.target/webapp/static/images/woven.png
7f439aa5f000-7f439aa62000 r--s 00000000 08:06 1513206                    /home/owen/school/se/demo/.target/webapp/static/css/appearance.css
7f439aa62000-7f439aa65000 r--s 00013000 08:06 1392418                    /home/owen/.ivy2/cache/com.github.siasia.sbt/web-app_2.9.1/jars/web-app_2.9.1-0.1.2-0.11.0.jar
7f439aa65000-7f439aa67000 r--s 0000f000 08:06 1392416                    /home/owen/.ivy2/cache/scala_2.9.1/sbt_0.11.0/com.github.siasia/xsbt-web-plugin/jars/xsbt-web-plugin-0.1.2.jar
7f439aa67000-7f439aa8a000 rw-p 00000000 00:00 0 
7f439aa8a000-7f439ab27000 rw-p 00000000 00:00 0 
7f439ab27000-7f439ab2a000 ---p 00000000 00:00 0 
7f439ab2a000-7f439ac2d000 rw-p 00000000 00:00 0 
7f439ac2e000-7f439ac2f000 rw-p 00000000 00:00 0 
7f439ac2f000-7f439ac30000 r--s 00000000 08:06 1513207                    /home/owen/school/se/demo/.target/webapp/static/css/structure.css
7f439ac30000-7f439ac31000 r--s 00000000 08:06 1513208                    /home/owen/school/se/demo/.target/webapp/static/css/font_cuprum.css
7f439ac31000-7f439ac32000 r--s 00000000 08:06 1513209                    /home/owen/school/se/demo/.target/webapp/static/css/reset.css
7f439ac32000-7f439ac35000 r--s 00024000 08:06 1381121                    /home/owen/.sbt/boot/scala-2.9.1/lib/jline.jar
7f439ac35000-7f439ac38000 r--s 00018000 08:06 1377357                    /home/owen/.sbt/boot/scala-2.9.1/lib/jansi.jar
7f439ac38000-7f439ac3b000 r--s 000cf000 08:06 1346406                    /home/owen/.sbt/boot/other/net.java.dev.jna/jna/3.2.3/jna-3.2.3.jar
7f439ac3b000-7f439ac43000 rw-s 00000000 00:11 1035579                    /tmp/hsperfdata_owen/21173
7f439ac43000-7f439ac44000 rw-p 00000000 00:00 0 
7f439ac44000-7f439ac45000 r--p 00000000 00:00 0 
7f439ac45000-7f439ac47000 rw-p 00000000 00:00 0 
7f439ac47000-7f439ac48000 r--p 00020000 00:11 8517                       /lib/x86_64-linux-gnu/ld-2.13.so
7f439ac48000-7f439ac4a000 rw-p 00021000 00:11 8517                       /lib/x86_64-linux-gnu/ld-2.13.so
7ffff177c000-7ffff17b1000 rw-p 00000000 00:00 0                          [stack]
7ffff17ff000-7ffff1800000 r-xp 00000000 00:00 0                          [vdso]
ffffffffff600000-ffffffffff601000 r-xp 00000000 00:00 0                  [vsyscall]

VM Arguments:
jvm_args: -XX:+CMSClassUnloadingEnabled -XX:MaxPermSize=512m -Xmx1512M 
java_command: /home/owen/bin/sbt-launch.jar ~jetty-run
Launcher Type: SUN_STANDARD

Environment Variables:
CLASSPATH=/usr/share/java/*:
PATH=/home/owen/bin:/usr/lib/lightdm/lightdm:/usr/local/sbin:/usr/local/bin:/usr/sbin:/usr/bin:/sbin:/bin:/usr/games:/home/owen/bin
USERNAME=owen
LD_LIBRARY_PATH=/usr/lib/jvm/java-6-openjdk/jre/lib/amd64/server:/usr/lib/jvm/java-6-openjdk/jre/lib/amd64:/usr/lib/jvm/java-6-openjdk/jre/../lib/amd64
SHELL=/bin/zsh
DISPLAY=:0

Signal Handlers:
SIGSEGV: [libjvm.so+0x783cb0], sa_mask[0]=0x7ffbfeff, sa_flags=0x10000004
SIGBUS: [libjvm.so+0x783cb0], sa_mask[0]=0x7ffbfeff, sa_flags=0x10000004
SIGFPE: [libjvm.so+0x648410], sa_mask[0]=0x7ffbfeff, sa_flags=0x10000004
SIGPIPE: [libjvm.so+0x648410], sa_mask[0]=0x7ffbfeff, sa_flags=0x10000004
SIGXFSZ: [libjvm.so+0x648410], sa_mask[0]=0x7ffbfeff, sa_flags=0x10000004
SIGILL: [libjvm.so+0x648410], sa_mask[0]=0x7ffbfeff, sa_flags=0x10000004
SIGUSR1: SIG_DFL, sa_mask[0]=0x00000000, sa_flags=0x00000000
SIGUSR2: [libjvm.so+0x6485c0], sa_mask[0]=0x00000000, sa_flags=0x10000004
SIGHUP: [libjvm.so+0x64b0d0], sa_mask[0]=0x7ffbfeff, sa_flags=0x10000004
SIGINT: [libjvm.so+0x64b0d0], sa_mask[0]=0x7ffbfeff, sa_flags=0x10000004
SIGTERM: [libjvm.so+0x64b0d0], sa_mask[0]=0x7ffbfeff, sa_flags=0x10000004
SIGQUIT: [libjvm.so+0x64b0d0], sa_mask[0]=0x7ffbfeff, sa_flags=0x10000004


---------------  S Y S T E M  ---------------

OS:Ubuntu 11.10 (oneiric)
uname:Linux 3.0.0-12-generic #20-Ubuntu SMP Fri Oct 7 14:56:25 UTC 2011 x86_64
libc:glibc 2.13 NPTL 2.13 
rlimit: STACK 8192k, CORE 0k, NPROC 31538, NOFILE 4096, AS infinity
load average:1.38 1.23 1.09

/proc/meminfo:
MemTotal:        4055512 kB
MemFree:         1027160 kB
Buffers:          366688 kB
Cached:          1380656 kB
SwapCached:            0 kB
Active:          1772964 kB
Inactive:        1042948 kB
Active(anon):    1069404 kB
Inactive(anon):      336 kB
Active(file):     703560 kB
Inactive(file):  1042612 kB
Unevictable:           0 kB
Mlocked:               0 kB
SwapTotal:       4401772 kB
SwapFree:        4401772 kB
Dirty:              3756 kB
Writeback:             0 kB
AnonPages:       1068596 kB
Mapped:            94340 kB
Shmem:              1180 kB
Slab:              90944 kB
SReclaimable:      72600 kB
SUnreclaim:        18344 kB
KernelStack:        2256 kB
PageTables:        11124 kB
NFS_Unstable:          0 kB
Bounce:                0 kB
WritebackTmp:          0 kB
CommitLimit:     6429528 kB
Committed_AS:    1731580 kB
VmallocTotal:   34359738367 kB
VmallocUsed:      153240 kB
VmallocChunk:   34359577640 kB
HardwareCorrupted:     0 kB
AnonHugePages:         0 kB
HugePages_Total:       0
HugePages_Free:        0
HugePages_Rsvd:        0
HugePages_Surp:        0
Hugepagesize:       2048 kB
DirectMap4k:       68040 kB
DirectMap2M:     4124672 kB


CPU:total 2 (2 cores per cpu, 1 threads per core) family 6 model 15 stepping 13, cmov, cx8, fxsr, mmx, sse, sse2, sse3, ssse3

Memory: 4k page, physical 4055512k(1027160k free), swap 4401772k(4401772k free)

vm_info: OpenJDK 64-Bit Server VM (20.0-b11) for linux-amd64 JRE (1.6.0_23-b23), built on Oct  4 2011 13:37:25 by "buildd" with gcc 4.6.1

time: Wed Dec  7 01:11:21 2011
elapsed time: 77 seconds

